0 info it worked if it ends with ok
1 verbose cli [ 'C:\\Program Files\\nodejs\\node.exe',
1 verbose cli   'C:\\Users\\greenfrog\\AppData\\Roaming\\npm\\node_modules\\npm\\bin\\npm-cli.js',
1 verbose cli   'run',
1 verbose cli   'test' ]
2 info using npm@3.10.8
3 info using node@v4.5.0
4 verbose run-script [ 'pretest', 'test', 'posttest' ]
5 info lifecycle project_template@1.0.0~pretest: project_template@1.0.0
6 silly lifecycle project_template@1.0.0~pretest: no script for pretest, continuing
7 info lifecycle project_template@1.0.0~test: project_template@1.0.0
8 verbose lifecycle project_template@1.0.0~test: unsafe-perm in lifecycle true
9 verbose lifecycle project_template@1.0.0~test: PATH: C:\Users\greenfrog\AppData\Roaming\npm\node_modules\npm\bin\node-gyp-bin;E:\greenfrog\node.js\project_template\node_modules\.bin;C:\ProgramData\Oracle\Java\javapath;C:\Windows\system32;C:\Windows;C:\Windows\System32\Wbem;C:\Windows\System32\WindowsPowerShell\v1.0\;C:\Program Files\Java\jdk1.8.0_77\bin;C:\Program Files\Microsoft SQL Server\110\Tools\Binn\;C:\Program Files (x86)\NVIDIA Corporation\PhysX\Common;d:\python\python.exe;C:\Program Files (x86)\scala\bin;C:\Program Files\Microsoft SQL Server\120\Tools\Binn\;D:\Programs\JVM\gradle-2.13\bin;C:\Program Files\Microsoft SQL Server\130\Tools\Binn\;C:\Program Files (x86)\Microsoft Emulator Manager\1.0\;C:\Program Files\dotnet\;C:\Program Files (x86)\MySQL\MySQL Fabric 1.5 & MySQL Utilities 1.5\;C:\Program Files (x86)\MySQL\MySQL Fabric 1.5 & MySQL Utilities 1.5\Doctrine extensions for PHP\;D:\Util\curl_X64_ssl\winssl;C:\Program Files\MongoDB\Server\3.2\bin;C:\Program Files\Git\cmd;C:\Program Files\nodejs\;C:\WINDOWS\system32;C:\WINDOWS;C:\WINDOWS\System32\Wbem;C:\WINDOWS\System32\WindowsPowerShell\v1.0\;C:\Program Files\Redis\;C:\Program Files\Bandizip\7z;C:\Users\greenfrog\AppData\Local\atom\bin;C:\Users\greenfrog\AppData\Roaming\npm;%USERPROFILE%\AppData\Local\Microsoft\WindowsApps;
10 verbose lifecycle project_template@1.0.0~test: CWD: E:\greenfrog\node.js\project_template
11 silly lifecycle project_template@1.0.0~test: Args: [ '/d /s /c',
11 silly lifecycle   'babel ./src/main.js --out-dir ./dist&&node ./dist/src/main.js' ]
12 silly lifecycle project_template@1.0.0~test: Returned: code: 1  signal: null
13 info lifecycle project_template@1.0.0~test: Failed to exec test script
14 verbose stack Error: project_template@1.0.0 test: `babel ./src/main.js --out-dir ./dist&&node ./dist/src/main.js`
14 verbose stack Exit status 1
14 verbose stack     at EventEmitter.<anonymous> (C:\Users\greenfrog\AppData\Roaming\npm\node_modules\npm\lib\utils\lifecycle.js:255:16)
14 verbose stack     at emitTwo (events.js:87:13)
14 verbose stack     at EventEmitter.emit (events.js:172:7)
14 verbose stack     at ChildProcess.<anonymous> (C:\Users\greenfrog\AppData\Roaming\npm\node_modules\npm\lib\utils\spawn.js:40:14)
14 verbose stack     at emitTwo (events.js:87:13)
14 verbose stack     at ChildProcess.emit (events.js:172:7)
14 verbose stack     at maybeClose (internal/child_process.js:829:16)
14 verbose stack     at Process.ChildProcess._handle.onexit (internal/child_process.js:211:5)
15 verbose pkgid project_template@1.0.0
16 verbose cwd E:\greenfrog\node.js\project_template
17 error Windows_NT 10.0.14393
18 error argv "C:\\Program Files\\nodejs\\node.exe" "C:\\Users\\greenfrog\\AppData\\Roaming\\npm\\node_modules\\npm\\bin\\npm-cli.js" "run" "test"
19 error node v4.5.0
20 error npm  v3.10.8
21 error code ELIFECYCLE
22 error project_template@1.0.0 test: `babel ./src/main.js --out-dir ./dist&&node ./dist/src/main.js`
22 error Exit status 1
23 error Failed at the project_template@1.0.0 test script 'babel ./src/main.js --out-dir ./dist&&node ./dist/src/main.js'.
23 error Make sure you have the latest version of node.js and npm installed.
23 error If you do, this is most likely a problem with the project_template package,
23 error not with npm itself.
23 error Tell the author that this fails on your system:
23 error     babel ./src/main.js --out-dir ./dist&&node ./dist/src/main.js
23 error You can get information on how to open an issue for this project with:
23 error     npm bugs project_template
23 error Or if that isn't available, you can get their info via:
23 error     npm owner ls project_template
23 error There is likely additional logging output above.
24 verbose exit [ 1, true ]
